{"C:\\Users\\WithA\\meal-prep-app\\frontend\\services\\vendorScrapers\\publixScraper.ts": {"path":"C:\\Users\\WithA\\meal-prep-app\\frontend\\services\\vendorScrapers\\publixScraper.ts","statementMap":{"0":{"start":{"line":1,"column":0},"end":{"line":1,"column":53}},"1":{"start":{"line":3,"column":0},"end":{"line":3,"column":36}},"2":{"start":{"line":6,"column":2},"end":{"line":6,"column":24}},"3":{"start":{"line":7,"column":10},"end":{"line":7,"column":39}},"4":{"start":{"line":8,"column":10},"end":{"line":8,"column":48}},"5":{"start":{"line":11,"column":29},"end":{"line":15,"column":6}},"6":{"start":{"line":16,"column":23},"end":{"line":16,"column":46}},"7":{"start":{"line":17,"column":4},"end":{"line":17,"column":44}},"8":{"start":{"line":18,"column":19},"end":{"line":18,"column":33}},"9":{"start":{"line":19,"column":4},"end":{"line":19,"column":23}},"10":{"start":{"line":20,"column":4},"end":{"line":20,"column":26}},"11":{"start":{"line":21,"column":4},"end":{"line":21,"column":18}},"12":{"start":{"line":25,"column":4},"end":{"line":41,"column":7}},"13":{"start":{"line":26,"column":6},"end":{"line":26,"column":63}},"14":{"start":{"line":27,"column":6},"end":{"line":27,"column":48}},"15":{"start":{"line":28,"column":6},"end":{"line":40,"column":24}},"16":{"start":{"line":29,"column":8},"end":{"line":39,"column":11}},"17":{"start":{"line":30,"column":26},"end":{"line":30,"column":43}},"18":{"start":{"line":31,"column":21},"end":{"line":31,"column":58}},"19":{"start":{"line":32,"column":24},"end":{"line":32,"column":82}},"20":{"start":{"line":33,"column":31},"end":{"line":33,"column":85}},"21":{"start":{"line":34,"column":31},"end":{"line":34,"column":85}},"22":{"start":{"line":35,"column":30},"end":{"line":35,"column":76}},"23":{"start":{"line":36,"column":29},"end":{"line":36,"column":75}},"24":{"start":{"line":37,"column":24},"end":{"line":37,"column":84}},"25":{"start":{"line":38,"column":10},"end":{"line":38,"column":70}},"26":{"start":{"line":46,"column":4},"end":{"line":46,"column":14}},"27":{"start":{"line":5,"column":0},"end":{"line":5,"column":13}}},"fnMap":{"0":{"name":"(anonymous_1)","decl":{"start":{"line":5,"column":0},"end":{"line":5,"column":13}},"loc":{"start":{"line":5,"column":0},"end":{"line":48,"column":1}}},"1":{"name":"(anonymous_2)","decl":{"start":{"line":10,"column":10},"end":{"line":10,"column":15}},"loc":{"start":{"line":10,"column":58},"end":{"line":22,"column":3}}},"2":{"name":"(anonymous_3)","decl":{"start":{"line":24,"column":2},"end":{"line":24,"column":7}},"loc":{"start":{"line":24,"column":16},"end":{"line":42,"column":3}}},"3":{"name":"(anonymous_4)","decl":{"start":{"line":25,"column":25},"end":{"line":25,"column":30}},"loc":{"start":{"line":25,"column":38},"end":{"line":41,"column":5}}},"4":{"name":"(anonymous_5)","decl":{"start":{"line":28,"column":27},"end":{"line":28,"column":28}},"loc":{"start":{"line":28,"column":43},"end":{"line":40,"column":7}}},"5":{"name":"(anonymous_6)","decl":{"start":{"line":29,"column":62},"end":{"line":29,"column":64}},"loc":{"start":{"line":29,"column":67},"end":{"line":39,"column":9}}},"6":{"name":"(anonymous_7)","decl":{"start":{"line":44,"column":2},"end":{"line":44,"column":7}},"loc":{"start":{"line":44,"column":19},"end":{"line":47,"column":3}}}},"branchMap":{"0":{"loc":{"start":{"line":31,"column":21},"end":{"line":31,"column":58}},"type":"binary-expr","locations":[{"start":{"line":31,"column":21},"end":{"line":31,"column":52}},{"start":{"line":31,"column":56},"end":{"line":31,"column":58}}]},"1":{"loc":{"start":{"line":32,"column":24},"end":{"line":32,"column":82}},"type":"binary-expr","locations":[{"start":{"line":32,"column":24},"end":{"line":32,"column":76}},{"start":{"line":32,"column":80},"end":{"line":32,"column":82}}]},"2":{"loc":{"start":{"line":33,"column":31},"end":{"line":33,"column":85}},"type":"binary-expr","locations":[{"start":{"line":33,"column":31},"end":{"line":33,"column":79}},{"start":{"line":33,"column":83},"end":{"line":33,"column":85}}]},"3":{"loc":{"start":{"line":34,"column":31},"end":{"line":34,"column":85}},"type":"binary-expr","locations":[{"start":{"line":34,"column":31},"end":{"line":34,"column":79}},{"start":{"line":34,"column":83},"end":{"line":34,"column":85}}]},"4":{"loc":{"start":{"line":35,"column":30},"end":{"line":35,"column":76}},"type":"binary-expr","locations":[{"start":{"line":35,"column":30},"end":{"line":35,"column":71}},{"start":{"line":35,"column":75},"end":{"line":35,"column":76}}]},"5":{"loc":{"start":{"line":36,"column":29},"end":{"line":36,"column":75}},"type":"binary-expr","locations":[{"start":{"line":36,"column":29},"end":{"line":36,"column":70}},{"start":{"line":36,"column":74},"end":{"line":36,"column":75}}]},"6":{"loc":{"start":{"line":37,"column":24},"end":{"line":37,"column":84}},"type":"binary-expr","locations":[{"start":{"line":37,"column":24},"end":{"line":37,"column":78}},{"start":{"line":37,"column":82},"end":{"line":37,"column":84}}]}},"s":{"0":1,"1":1,"2":1,"3":1,"4":1,"5":0,"6":0,"7":0,"8":0,"9":0,"10":0,"11":0,"12":1,"13":1,"14":1,"15":1,"16":1,"17":0,"18":0,"19":0,"20":0,"21":0,"22":0,"23":0,"24":0,"25":0,"26":0,"27":1},"f":{"0":1,"1":0,"2":1,"3":1,"4":1,"5":0,"6":0},"b":{"0":[0,0],"1":[0,0],"2":[0,0],"3":[0,0],"4":[0,0],"5":[0,0],"6":[0,0]}}
}
